<?xml version="1.0" encoding="UTF-8"?>
<!-- Generated by org.testng.reporters.JUnitReportReporter -->
<testsuite hostname="I-am-Groot" failures="0" tests="10" name="TestNg_keywords.Invocationcount" time="0.035" errors="0" timestamp="2024-04-06T12:34:15 IST" skipped="0">
  <testcase classname="TestNg_keywords.Invocationcount" name="m1" time="0.002">
    <system-out>
      <![CDATA[hi]]>
    </system-out>
  </testcase> <!-- m1 -->
  <testcase classname="TestNg_keywords.Invocationcount" name="m1" time="0.014">
    <system-out>
      <![CDATA[hi]]>
    </system-out>
  </testcase> <!-- m1 -->
  <testcase classname="TestNg_keywords.Invocationcount" name="m1" time="0.002">
    <system-out>
      <![CDATA[hi]]>
    </system-out>
  </testcase> <!-- m1 -->
  <testcase classname="TestNg_keywords.Invocationcount" name="m1" time="0.002">
    <system-out>
      <![CDATA[hi]]>
    </system-out>
  </testcase> <!-- m1 -->
  <testcase classname="TestNg_keywords.Invocationcount" name="m1" time="0.004">
    <system-out>
      <![CDATA[hi]]>
    </system-out>
  </testcase> <!-- m1 -->
  <testcase classname="TestNg_keywords.Invocationcount" name="m1" time="0.002">
    <system-out>
      <![CDATA[hi]]>
    </system-out>
  </testcase> <!-- m1 -->
  <testcase classname="TestNg_keywords.Invocationcount" name="m1" time="0.002">
    <system-out>
      <![CDATA[hi]]>
    </system-out>
  </testcase> <!-- m1 -->
  <testcase classname="TestNg_keywords.Invocationcount" name="m1" time="0.003">
    <system-out>
      <![CDATA[hi]]>
    </system-out>
  </testcase> <!-- m1 -->
  <testcase classname="TestNg_keywords.Invocationcount" name="m1" time="0.002">
    <system-out>
      <![CDATA[hi]]>
    </system-out>
  </testcase> <!-- m1 -->
  <testcase classname="TestNg_keywords.Invocationcount" name="m1" time="0.002">
    <system-out>
      <![CDATA[hi]]>
    </system-out>
  </testcase> <!-- m1 -->
  <system-out>
    <![CDATA[hi
hi
hi
hi
hi
hi
hi
hi
hi
hi]]>
  </system-out>
</testsuite> <!-- TestNg_keywords.Invocationcount -->
