<?xml version="1.0" encoding="UTF-8"?>
<!-- Generated by org.testng.reporters.JUnitReportReporter -->
<testsuite hostname="I-am-Groot" failures="0" tests="1" name="TestNg_keywords.TimeOut" time="0.032" errors="0" timestamp="2024-04-06T20:10:34 IST" skipped="0">
  <testcase classname="TestNg_keywords.TimeOut" name="TC" time="0.032">
    <system-out>
      <![CDATA[hi]]>
    </system-out>
  </testcase> <!-- TC -->
  <system-out>
    <![CDATA[hi]]>
  </system-out>
</testsuite> <!-- TestNg_keywords.TimeOut -->
