<?xml version="1.0" encoding="UTF-8"?>
<!-- Generated by org.testng.reporters.JUnitReportReporter -->
<testsuite hostname="I-am-Groot" failures="0" tests="1" name="TestNG_Annotatations.Annotation_Flow" time="0.032" errors="0" timestamp="2024-04-07T11:49:22 IST" skipped="0">
  <testcase classname="TestNG_Annotatations.Annotation_Flow" name="tc" time="0.032"/>
</testsuite> <!-- TestNG_Annotatations.Annotation_Flow -->
