<?xml version="1.0" encoding="UTF-8"?>
<!-- Generated by org.testng.reporters.JUnitReportReporter -->
<testsuite hostname="I-am-Groot" failures="0" tests="2" name="TestNg_keywords.priority" time="0.053" errors="0" timestamp="2024-04-06T19:23:58 IST" skipped="0">
  <testcase classname="TestNg_keywords.priority" name="login" time="0.047">
    <system-out>
      <![CDATA[login from application]]>
    </system-out>
  </testcase> <!-- login -->
  <testcase classname="TestNg_keywords.priority" name="logout" time="0.006">
    <system-out>
      <![CDATA[logout from application]]>
    </system-out>
  </testcase> <!-- logout -->
  <system-out>
    <![CDATA[login from application
logout from application]]>
  </system-out>
</testsuite> <!-- TestNg_keywords.priority -->
