<?xml version="1.0" encoding="UTF-8"?>
<!-- Generated by org.testng.reporters.JUnitReportReporter -->
<testsuite hostname="I-am-Groot" failures="0" tests="1" name="pratice.demo" time="0.023" errors="0" timestamp="2024-04-05T18:55:31 IST" skipped="0">
  <testcase classname="pratice.demo" name="m1" time="0.023">
    <system-out>
      <![CDATA[hi]]>
    </system-out>
  </testcase> <!-- m1 -->
  <system-out>
    <![CDATA[hi]]>
  </system-out>
</testsuite> <!-- pratice.demo -->
