<?xml version="1.0" encoding="UTF-8"?>
<!-- Generated by org.testng.reporters.JUnitReportReporter -->
<testsuite hostname="I-am-Groot" failures="0" tests="2" name="TestNg_keywords.Enabled" time="0.018" errors="0" timestamp="2024-04-10T17:02:46 IST" skipped="1">
  <testcase classname="TestNg_keywords.Enabled" name="m1" time="0.018">
    <system-out>
      <![CDATA[hi]]>
    </system-out>
  </testcase> <!-- m1 -->
  <testcase classname="TestNg_keywords.Enabled" name="m2">
    <skipped/>
  </testcase> <!-- m2 -->
  <system-out>
    <![CDATA[hi]]>
  </system-out>
</testsuite> <!-- TestNg_keywords.Enabled -->
